=== pgrep L2 clean build ===
Thu Jul  2 00:54:27 CDT 2026
4e15a6f76eb93b114541d19a270ac45efa7ce141
--- just clean ---
./tools/clean 
--- just build ---
./ninja pylib qt
[1m[92m   Compiling[0m libc v0.2.175
[1m[92m   Compiling[0m proc-macro2 v1.0.101
[1m[92m   Compiling[0m unicode-ident v1.0.18
[1m[92m   Compiling[0m cfg-if v1.0.3
[1m[92m   Compiling[0m shlex v1.3.0
[1m[92m   Compiling[0m stable_deref_trait v1.2.0
[1m[92m   Compiling[0m pin-project-lite v0.2.16
[1m[92m   Compiling[0m bytes v1.11.1
[1m[92m   Compiling[0m futures-core v0.3.31
[1m[92m   Compiling[0m bitflags v2.9.3
[1m[92m   Compiling[0m pkg-config v0.3.32
[1m[92m   Compiling[0m itoa v1.0.15
[1m[92m   Compiling[0m version_check v0.9.5
[1m[92m   Compiling[0m once_cell v1.21.3
[1m[92m   Compiling[0m fnv v1.0.7
[1m[92m   Compiling[0m smallvec v1.15.1
[1m[92m   Compiling[0m zeroize v1.8.1
[1m[92m   Compiling[0m litemap v0.8.0
[1m[92m   Compiling[0m writeable v0.6.1
[1m[92m   Compiling[0m rustix v1.0.8
[1m[92m   Compiling[0m rustls-pki-types v1.12.0
[1m[92m   Compiling[0m serde_core v1.0.228
[1m[92m   Compiling[0m unicase v2.6.0
[1m[92m   Compiling[0m icu_properties_data v2.0.1
[1m[92m   Compiling[0m getrandom v0.3.3
[1m[92m   Compiling[0m icu_normalizer_data v2.0.0
[1m[92m   Compiling[0m pin-utils v0.1.0
[1m[92m   Compiling[0m futures-task v0.3.31
[1m[92m   Compiling[0m percent-encoding v2.3.2
[1m[92m   Compiling[0m http v1.3.1
[1m[92m   Compiling[0m heck v0.5.0
[1m[92m   Compiling[0m untrusted v0.9.0
[1m[92m   Compiling[0m serde v1.0.228
[1m[92m   Compiling[0m quote v1.0.40
[1m[92m   Compiling[0m jobserver v0.1.34
[1m[92m   Compiling[0m mio v1.0.4
[1m[92m   Compiling[0m signal-hook-registry v1.4.6
[1m[92m   Compiling[0m socket2 v0.6.0
[1m[92m   Compiling[0m getrandom v0.2.16
[1m[92m   Compiling[0m errno v0.3.13
[1m[92m   Compiling[0m syn v2.0.106
[1m[92m   Compiling[0m cc v1.2.34
[1m[92m   Compiling[0m httparse v1.10.1
[1m[92m   Compiling[0m core-foundation-sys v0.8.7
[1m[92m   Compiling[0m zerocopy v0.8.26
[1m[92m   Compiling[0m http-body v1.0.1
[1m[92m   Compiling[0m futures-util v0.3.31
[1m[92m   Compiling[0m tower-service v0.3.3
[1m[92m   Compiling[0m try-lock v0.2.5
[1m[92m   Compiling[0m crc32fast v1.5.0
[1m[92m   Compiling[0m typenum v1.20.0
[1m[92m   Compiling[0m rustls v0.23.31
[1m[92m   Compiling[0m want v0.3.1
[1m[92m   Compiling[0m security-framework-sys v2.14.0
[1m[92m   Compiling[0m core-foundation v0.10.1
[1m[92m   Compiling[0m tracing-core v0.1.34
[1m[92m   Compiling[0m futures-channel v0.3.31
[1m[92m   Compiling[0m subtle v2.6.1
[1m[92m   Compiling[0m utf8parse v0.2.2
[1m[92m   Compiling[0m atomic-waker v1.1.2
[1m[92m   Compiling[0m anstyle-parse v0.2.7
[1m[92m   Compiling[0m tracing v0.1.41
[1m[92m   Compiling[0m security-framework v3.3.0
[1m[92m   Compiling[0m mime_guess v2.0.5
[1m[92m   Compiling[0m rand_core v0.9.3
[1m[92m   Compiling[0m form_urlencoded v1.2.2
[1m[92m   Compiling[0m ring v0.17.14
[1m[92m   Compiling[0m zstd-sys v2.0.15+zstd.1.5.7
[1m[92m   Compiling[0m hybrid-array v0.4.11
[1m[92m   Compiling[0m lzma-sys v0.1.20
[1m[92m   Compiling[0m sync_wrapper v1.0.2
[1m[92m   Compiling[0m powerfmt v0.2.0
[1m[92m   Compiling[0m serde_json v1.0.143
[1m[92m   Compiling[0m base64 v0.22.1
[1m[92m   Compiling[0m camino v1.1.12
[1m[92m   Compiling[0m ryu v1.0.20
[1m[92m   Compiling[0m is_terminal_polyfill v1.70.1
[1m[92m   Compiling[0m adler2 v2.0.1
[1m[92m   Compiling[0m zstd-safe v7.2.4
[1m[92m   Compiling[0m colorchoice v1.0.4
[1m[92m   Compiling[0m zlib-rs v0.5.1
[1m[92m   Compiling[0m memchr v2.7.5
[1m[92m   Compiling[0m log v0.4.27
[1m[92m   Compiling[0m utf8_iter v1.0.4
[1m[92m   Compiling[0m ipnet v2.11.0
[1m[92m   Compiling[0m anstyle v1.0.11
[1m[92m   Compiling[0m tower-layer v0.3.3
[1m[92m   Compiling[0m anstyle-query v1.1.4
[1m[92m   Compiling[0m anstream v0.6.20
[1m[92m   Compiling[0m rustls-native-certs v0.8.1
[1m[92m   Compiling[0m miniz_oxide v0.8.9
[1m[92m   Compiling[0m ppv-lite86 v0.2.21
[1m[92m   Compiling[0m crypto-common v0.2.1
[1m[92m   Compiling[0m block-buffer v0.12.0
[1m[92m   Compiling[0m rand_chacha v0.9.0
[1m[92m   Compiling[0m deranged v0.5.2
[1m[92m   Compiling[0m webpki-roots v1.0.2
[1m[92m   Compiling[0m futures-sink v0.3.31
[1m[92m   Compiling[0m mime v0.3.17
[1m[92m   Compiling[0m hashbrown v0.15.5
[1m[92m   Compiling[0m anyhow v1.0.99
[1m[92m   Compiling[0m strsim v0.11.1
[1m[92m   Compiling[0m synstructure v0.13.2
[1m[92m   Compiling[0m fastrand v2.3.0
[1m[92m   Compiling[0m num-conv v0.2.0
[1m[92m   Compiling[0m bumpalo v3.19.0
[1m[92m   Compiling[0m const-oid v0.10.2
[1m[92m   Compiling[0m time-core v0.1.8
[1m[92m   Compiling[0m simd-adler32 v0.3.7
[1m[92m   Compiling[0m equivalent v1.0.2
[1m[92m   Compiling[0m clap_lex v0.7.5
[1m[92m   Compiling[0m iri-string v0.7.8
[1m[92m   Compiling[0m either v1.15.0
[1m[92m   Compiling[0m indexmap v2.11.0
[1m[92m   Compiling[0m itertools v0.14.0
[1m[92m   Compiling[0m time v0.3.47
[1m[92m   Compiling[0m clap_builder v4.5.46
[1m[92m   Compiling[0m zopfli v0.8.2
[1m[92m   Compiling[0m zerofrom-derive v0.1.6
[1m[92m   Compiling[0m yoke-derive v0.8.0
[1m[92m   Compiling[0m zerovec-derive v0.11.1
[1m[92m   Compiling[0m displaydoc v0.2.5
[1m[92m   Compiling[0m tokio-macros v2.5.0
[1m[92m   Compiling[0m tokio v1.47.1
[1m[92m   Compiling[0m serde_derive v1.0.228
[1m[92m   Compiling[0m snafu-derive v0.8.8
[1m[92m   Compiling[0m zerofrom v0.1.6
[1m[92m   Compiling[0m libz-rs-sys v0.5.1
[1m[92m   Compiling[0m yoke v0.8.0
[1m[92m   Compiling[0m clap_derive v4.5.45
[1m[92m   Compiling[0m flate2 v1.1.2
[1m[92m   Compiling[0m digest v0.11.2
[1m[92m   Compiling[0m zerovec v0.11.4
[1m[92m   Compiling[0m zerotrie v0.2.2
[1m[92m   Compiling[0m tempfile v3.21.0
[1m[92m   Compiling[0m rand v0.9.4
[1m[92m   Compiling[0m snafu v0.8.8
[1m[92m   Compiling[0m xattr v1.5.1
[1m[92m   Compiling[0m http-body-util v0.1.3
[1m[92m   Compiling[0m tinystr v0.8.1
[1m[92m   Compiling[0m potential_utf v0.1.3
[1m[92m   Compiling[0m icu_locale_core v2.0.0
[1m[92m   Compiling[0m cpufeatures v0.3.0
[1m[92m   Compiling[0m filetime v0.2.26
[1m[92m   Compiling[0m icu_collections v2.0.0
[1m[92m   Compiling[0m env_home v0.1.0
[1m[92m   Compiling[0m runner v0.0.0 (/Users/philote/projects/inka/.worktrees/l2-core/build/runner)
[1m[92m   Compiling[0m which v8.0.0
[1m[92m   Compiling[0m tar v0.4.46
[1m[92m   Compiling[0m sha2 v0.11.0
[1m[92m   Compiling[0m anki_process v0.0.0 (/Users/philote/projects/inka/.worktrees/l2-core/rslib/process)
[1m[92m   Compiling[0m anki_io v0.0.0 (/Users/philote/projects/inka/.worktrees/l2-core/rslib/io)
[1m[92m   Compiling[0m clap v4.5.46
[1m[92m   Compiling[0m xz2 v0.1.7
[1m[92m   Compiling[0m icu_provider v2.0.0
[1m[92m   Compiling[0m zip v4.6.0
[1m[92m   Compiling[0m icu_properties v2.0.1
[1m[92m   Compiling[0m icu_normalizer v2.0.0
[1m[92m   Compiling[0m serde_urlencoded v0.7.1
[1m[92m   Compiling[0m hex v0.4.3
[1m[92m   Compiling[0m junction v1.2.0
[1m[92m   Compiling[0m termcolor v1.4.1
[1m[92m   Compiling[0m idna_adapter v1.2.1
[1m[92m   Compiling[0m idna v1.1.0
[1m[92m   Compiling[0m url v2.5.7
[1m[92m   Compiling[0m rustls-webpki v0.103.13
[1m[92m   Compiling[0m hyper v1.7.0
[1m[92m   Compiling[0m hyper-util v0.1.16
[1m[92m   Compiling[0m tower v0.5.2
[1m[92m   Compiling[0m tokio-util v0.7.16
[1m[92m   Compiling[0m tower-http v0.6.6
[1m[92m   Compiling[0m zstd v0.13.3
[1m[92m   Compiling[0m tokio-rustls v0.26.2
[1m[92m   Compiling[0m hyper-rustls v0.27.7
[1m[92m   Compiling[0m reqwest v0.12.23
[1m[92m    Finished[0m `release` profile [optimized] target(s) in 18.58s
[1m[92m   Compiling[0m proc-macro2 v1.0.101
[1m[92m   Compiling[0m unicode-ident v1.0.18
[1m[92m   Compiling[0m libc v0.2.175
[1m[92m   Compiling[0m memchr v2.7.5
[1m[92m   Compiling[0m stable_deref_trait v1.2.0
[1m[92m   Compiling[0m cfg-if v1.0.3
[1m[92m   Compiling[0m shlex v1.3.0
[1m[92m   Compiling[0m pin-project-lite v0.2.16
[1m[92m   Compiling[0m bytes v1.11.1
[1m[92m   Compiling[0m futures-core v0.3.31
[1m[92m   Compiling[0m itoa v1.0.15
[1m[92m   Compiling[0m futures-sink v0.3.31
[1m[92m   Compiling[0m serde_core v1.0.228
[1m[92m   Compiling[0m once_cell v1.21.3
[1m[92m   Compiling[0m litemap v0.8.0
[1m[92m   Compiling[0m cc v1.2.34
[1m[92m   Compiling[0m writeable v0.6.1
[1m[92m   Compiling[0m smallvec v1.15.1
[1m[92m   Compiling[0m fnv v1.0.7
[1m[92m   Compiling[0m serde v1.0.228
[1m[92m   Compiling[0m icu_properties_data v2.0.1
[1m[92m   Compiling[0m zeroize v1.8.1
[1m[92m   Compiling[0m version_check v0.9.5
[1m[92m   Compiling[0m getrandom v0.3.3
[1m[92m   Compiling[0m icu_normalizer_data v2.0.0
[1m[92m   Compiling[0m pin-utils v0.1.0
[1m[92m   Compiling[0m rustls-pki-types v1.12.0
[1m[92m   Compiling[0m http v1.3.1
[1m[92m   Compiling[0m futures-io v0.3.31
[1m[92m   Compiling[0m unicase v2.6.0
[1m[92m   Compiling[0m quote v1.0.40
[1m[92m   Compiling[0m zerocopy v0.8.26
[1m[92m   Compiling[0m semver v1.0.26
[1m[92m   Compiling[0m syn v2.0.106
[1m[92m   Compiling[0m http-body v1.0.1
[1m[92m   Compiling[0m bitflags v2.9.3
[1m[92m   Compiling[0m percent-encoding v2.3.2
[1m[92m   Compiling[0m futures-task v0.3.31
[1m[92m   Compiling[0m untrusted v0.9.0
[1m[92m   Compiling[0m httparse v1.10.1
[1m[92m   Compiling[0m slab v0.4.11
[1m[92m   Compiling[0m futures-util v0.3.31
[1m[92m   Compiling[0m socket2 v0.6.0
[1m[92m   Compiling[0m mio v1.0.4
[1m[92m   Compiling[0m getrandom v0.2.16
[1m[92m   Compiling[0m try-lock v0.2.5
[1m[92m   Compiling[0m rustix v1.0.8
[1m[92m   Compiling[0m rustls v0.23.31
[1m[92m   Compiling[0m tokio v1.47.1
[1m[92m   Compiling[0m typenum v1.20.0
[1m[92m   Compiling[0m tower-service v0.3.3
[1m[92m   Compiling[0m winnow v0.7.13
[1m[92m   Compiling[0m want v0.3.1
[1m[92m   Compiling[0m errno v0.3.13
[1m[92m   Compiling[0m tracing-core v0.1.34
[1m[92m   Compiling[0m hybrid-array v0.4.11
[1m[92m   Compiling[0m futures-channel v0.3.31
[1m[92m   Compiling[0m toml_writer v1.0.2
[1m[92m   Compiling[0m atomic-waker v1.1.2
[1m[92m   Compiling[0m subtle v2.6.1
[1m[92m   Compiling[0m rustc_version v0.4.1
[1m[92m   Compiling[0m tracing v0.1.41
[1m[92m   Compiling[0m mime_guess v2.0.5
[1m[92m   Compiling[0m toml_datetime v0.7.0
[1m[92m   Compiling[0m serde_spanned v1.0.0
[1m[92m   Compiling[0m rand_core v0.9.3
[1m[92m   Compiling[0m form_urlencoded v1.2.2
[1m[92m   Compiling[0m toml_parser v1.0.2
[1m[92m   Compiling[0m aho-corasick v1.1.3
[1m[92m   Compiling[0m sync_wrapper v1.0.2
[1m[92m   Compiling[0m tower-layer v0.3.3
[1m[92m   Compiling[0m ipnet v2.11.0
[1m[92m   Compiling[0m base64 v0.22.1
[1m[92m   Compiling[0m heck v0.5.0
[1m[92m   Compiling[0m ppv-lite86 v0.2.21
[1m[92m   Compiling[0m toml v0.9.5
[1m[92m   Compiling[0m serde_json v1.0.143
[1m[92m   Compiling[0m ryu v1.0.20
[1m[92m   Compiling[0m regex-syntax v0.8.6
[1m[92m   Compiling[0m utf8_iter v1.0.4
[1m[92m   Compiling[0m camino v1.1.12
[1m[92m   Compiling[0m rand_chacha v0.9.0
[1m[92m   Compiling[0m block-buffer v0.12.0
[1m[92m   Compiling[0m crypto-common v0.2.1
[1m[92m   Compiling[0m synstructure v0.13.2
[1m[92m   Compiling[0m embed-resource v3.0.5
[1m[92m   Compiling[0m webpki-roots v1.0.2
[1m[92m   Compiling[0m log v0.4.27
[1m[92m   Compiling[0m anyhow v1.0.99
[1m[92m   Compiling[0m mime v0.3.17
[1m[92m   Compiling[0m const-oid v0.10.2
[1m[92m   Compiling[0m iri-string v0.7.8
[1m[92m   Compiling[0m fastrand v2.3.0
[1m[92m   Compiling[0m tempfile v3.21.0
[1m[92m   Compiling[0m ring v0.17.14
[1m[92m   Compiling[0m rand v0.9.4
[1m[92m   Compiling[0m cpufeatures v0.3.0
[1m[92m   Compiling[0m digest v0.11.2
[1m[92m   Compiling[0m http-body-util v0.1.3
[1m[92m   Compiling[0m regex-automata v0.4.10
[1m[92m   Compiling[0m hyper v1.7.0
[1m[92m   Compiling[0m tower v0.5.2
[1m[92m   Compiling[0m tower-http v0.6.6
[1m[92m   Compiling[0m hyper-util v0.1.16
[1m[92m   Compiling[0m tokio-util v0.7.16
[1m[92m   Compiling[0m ninja_gen v0.0.0 (/Users/philote/projects/inka/.worktrees/l2-core/build/ninja_gen)
[1m[92m   Compiling[0m bstr v1.12.0
[1m[92m   Compiling[0m same-file v1.0.6
[1m[92m   Compiling[0m env_home v0.1.0
[1m[92m   Compiling[0m either v1.15.0
[1m[92m   Compiling[0m which v8.0.0
[1m[92m   Compiling[0m itertools v0.14.0
[1m[92m   Compiling[0m regex v1.11.2
[1m[92m   Compiling[0m globset v0.4.16
[1m[92m   Compiling[0m walkdir v2.5.0
[1m[92m   Compiling[0m sha2 v0.11.0
[1m[92m   Compiling[0m num_cpus v1.17.0
[1m[92m   Compiling[0m hex v0.4.3
[1m[92m   Compiling[0m maplit v1.0.2
[1m[92m   Compiling[0m dunce v1.0.5
[1m[92m   Compiling[0m rustls-webpki v0.103.13
[1m[92m   Compiling[0m zerofrom-derive v0.1.6
[1m[92m   Compiling[0m yoke-derive v0.8.0
[1m[92m   Compiling[0m zerovec-derive v0.11.1
[1m[92m   Compiling[0m displaydoc v0.2.5
[1m[92m   Compiling[0m serde_derive v1.0.228
[1m[92m   Compiling[0m snafu-derive v0.8.8
[1m[92m   Compiling[0m tokio-rustls v0.26.2
[1m[92m   Compiling[0m hyper-rustls v0.27.7
[1m[92m   Compiling[0m zerofrom v0.1.6
[1m[92m   Compiling[0m yoke v0.8.0
[1m[92m   Compiling[0m zerovec v0.11.4
[1m[92m   Compiling[0m zerotrie v0.2.2
[1m[92m   Compiling[0m snafu v0.8.8
[1m[92m   Compiling[0m anki_io v0.0.0 (/Users/philote/projects/inka/.worktrees/l2-core/rslib/io)
[1m[92m   Compiling[0m tinystr v0.8.1
[1m[92m   Compiling[0m icu_locale_core v2.0.0
[1m[92m   Compiling[0m potential_utf v0.1.3
[1m[92m   Compiling[0m icu_collections v2.0.0
[1m[92m   Compiling[0m icu_provider v2.0.0
[1m[92m   Compiling[0m serde_urlencoded v0.7.1
[1m[92m   Compiling[0m icu_properties v2.0.1
[1m[92m   Compiling[0m icu_normalizer v2.0.0
[1m[92m   Compiling[0m idna_adapter v1.2.1
[1m[92m   Compiling[0m idna v1.1.0
[1m[92m   Compiling[0m url v2.5.7
[1m[92m   Compiling[0m reqwest v0.12.23
[1m[92m   Compiling[0m configure v0.0.0 (/Users/philote/projects/inka/.worktrees/l2-core/build/configure)
[1m[92m    Finished[0m `dev` profile [unoptimized + debuginfo] target(s) in 44.17s
[1m[92m     Running[0m `out/rust/debug/configure`
build:configure_bin
build:configure
download:protoc
qt:aqt:py.typed
ts:generated:src
qt:aqt:data:web:imgs
qt:aqt:data:qt:icons:from_src
extract:uv
extract:node
ftl:repo:core
extract:protoc
rslib:proto
ftl:repo:qt
pyenv
rslib:i18n
pyenv
qt:aqt:hooks.py
pylib:anki:hooks_gen.py
pylib:anki:buildinfo.py
pylib:anki:proto
qt:aqt:forms
pylib:anki:proto
yarn
node_modules
qt:aqt:data:web:js:vendor
qt:aqt:data:web:js
qt:aqt:data:qt:icons:mdi_unthemed
ts:generated:proto
css:_root-vars
qt:aqt:data:web:css
qt:aqt:data:web:js:vendor:mathjax
qt:aqt:data:web:js
qt:aqt:data:web:css
qt:aqt:data:web:js
qt:aqt:data:web:js
qt:aqt:data:web:css
qt:aqt:data:web:css
qt:aqt:data:web:css
qt:aqt:data:web:css
ts:reviewer:reviewer.css
qt:aqt:data:web:css
qt:aqt:sass_vars
qt:aqt:data:qt:icons:mdi_themed
qt:aqt:data:qt:icons:mdi_themed
qt:aqt:data:qt:icons:mdi_themed
qt:aqt:data:qt:icons:mdi_themed
qt:aqt:data:qt:icons:mdi_themed
qt:aqt:data:qt:icons:mdi_themed
qt:aqt:data:qt:icons:mdi_themed
qt:aqt:data:qt:icons:mdi_themed
qt:aqt:data:qt:icons:mdi_themed
qt:aqt:data:qt:icons:mdi_themed
qt:aqt:data:qt:icons:mdi_themed
qt:aqt:data:qt:icons
ts:generated:proto
rslib:proto
rslib:i18n
pylib:rsbridge
sveltekit
ts:reviewer:reviewer.js
ts:mathjax
qt:aqt:data:web:sveltekit
ts:editor
ts:congrats
ts:editable
ts:congrats
qt:aqt:data:web:pages
ts:editor
qt:aqt:data:web:js
qt:aqt:data:web:css
pylib:rsbridge
pylib:anki:rsbridge
n2: ran 64 tasks, now up to date
[0m[1m[32m
Build succeeded in 108.67s.
[0mCLEANBUILD_EXIT=0
Thu Jul  2 00:57:25 CDT 2026
